2023/04/22 15:25:36 [notice] 1#1: using the "epoll" event method
2023/04/22 15:25:36 [notice] 1#1: nginx/1.23.4
2023/04/22 15:25:36 [notice] 1#1: built by gcc 12.2.1 20220924 (Alpine 12.2.1_git20220924-r4) 
2023/04/22 15:25:36 [notice] 1#1: OS: Linux 5.15.90.1-microsoft-standard-WSL2
2023/04/22 15:25:36 [notice] 1#1: getrlimit(RLIMIT_NOFILE): 1048576:1048576
2023/04/22 15:25:36 [notice] 1#1: start worker processes
2023/04/22 15:25:36 [notice] 1#1: start worker process 20
2023/04/22 15:25:36 [notice] 1#1: start worker process 21
2023/04/22 15:25:36 [notice] 1#1: start worker process 22
2023/04/22 15:25:36 [notice] 1#1: start worker process 23
2023/04/22 15:25:36 [notice] 1#1: start worker process 24
2023/04/22 15:25:36 [notice] 1#1: start worker process 25
2023/04/22 15:25:36 [notice] 1#1: start worker process 26
2023/04/22 15:25:36 [notice] 1#1: start worker process 27
2023/04/22 15:25:36 [notice] 1#1: start worker process 28
2023/04/22 15:25:36 [notice] 1#1: start worker process 29
2023/04/22 15:25:36 [notice] 1#1: start worker process 30
2023/04/22 15:25:36 [notice] 1#1: start worker process 31
2023/04/22 15:25:36 [notice] 1#1: start worker process 32
2023/04/22 15:25:36 [notice] 1#1: start worker process 33
2023/04/22 15:25:36 [notice] 1#1: start worker process 34
2023/04/22 15:25:36 [notice] 1#1: start worker process 35
2023/04/22 15:25:36 [error] 20#20: *1 connect() failed (111: Connection refused) while connecting to upstream, client: 172.31.0.1, server: localhost, request: "GET /rest/push?sessionId=fle7glaq8vu HTTP/1.1", upstream: "http://172.31.0.5:5678/rest/push?sessionId=fle7glaq8vu", host: "localhost:8081", referrer: "http://localhost:8081/workflow/new"
2023/04/22 15:42:01 [notice] 1#1: signal 3 (SIGQUIT) received, shutting down
2023/04/22 15:42:01 [notice] 20#20: gracefully shutting down
2023/04/22 15:42:01 [notice] 20#20: exiting
2023/04/22 15:42:01 [notice] 21#21: gracefully shutting down
2023/04/22 15:42:01 [notice] 22#22: gracefully shutting down
2023/04/22 15:42:01 [notice] 23#23: gracefully shutting down
2023/04/22 15:42:01 [notice] 21#21: exiting
2023/04/22 15:42:01 [notice] 24#24: gracefully shutting down
2023/04/22 15:42:01 [notice] 20#20: exit
2023/04/22 15:42:01 [notice] 22#22: exiting
2023/04/22 15:42:01 [notice] 25#25: gracefully shutting down
2023/04/22 15:42:01 [notice] 24#24: exiting
2023/04/22 15:42:01 [notice] 25#25: exiting
2023/04/22 15:42:01 [notice] 26#26: gracefully shutting down
2023/04/22 15:42:01 [notice] 26#26: exiting
2023/04/22 15:42:01 [notice] 27#27: gracefully shutting down
2023/04/22 15:42:01 [notice] 22#22: exit
2023/04/22 15:42:01 [notice] 28#28: gracefully shutting down
2023/04/22 15:42:01 [notice] 29#29: gracefully shutting down
2023/04/22 15:42:01 [notice] 21#21: exit
2023/04/22 15:42:01 [notice] 27#27: exiting
2023/04/22 15:42:01 [notice] 28#28: exiting
2023/04/22 15:42:01 [notice] 29#29: exiting
2023/04/22 15:42:01 [notice] 33#33: gracefully shutting down
2023/04/22 15:42:01 [notice] 30#30: gracefully shutting down
2023/04/22 15:42:01 [notice] 31#31: gracefully shutting down
2023/04/22 15:42:01 [notice] 25#25: exit
2023/04/22 15:42:01 [notice] 30#30: exiting
2023/04/22 15:42:01 [notice] 33#33: exiting
2023/04/22 15:42:01 [notice] 24#24: exit
2023/04/22 15:42:01 [notice] 31#31: exiting
2023/04/22 15:42:01 [notice] 35#35: gracefully shutting down
2023/04/22 15:42:01 [notice] 35#35: exiting
2023/04/22 15:42:01 [notice] 27#27: exit
2023/04/22 15:42:01 [notice] 26#26: exit
2023/04/22 15:42:01 [notice] 32#32: gracefully shutting down
2023/04/22 15:42:01 [notice] 32#32: exiting
2023/04/22 15:42:01 [notice] 28#28: exit
2023/04/22 15:42:01 [notice] 29#29: exit
2023/04/22 15:42:01 [notice] 30#30: exit
2023/04/22 15:42:01 [notice] 33#33: exit
2023/04/22 15:42:01 [notice] 31#31: exit
2023/04/22 15:42:01 [notice] 35#35: exit
2023/04/22 15:42:01 [notice] 32#32: exit
2023/04/22 15:42:01 [notice] 34#34: gracefully shutting down
2023/04/22 15:42:01 [notice] 34#34: exiting
2023/04/22 15:42:01 [notice] 34#34: exit
2023/04/22 15:42:01 [notice] 1#1: signal 17 (SIGCHLD) received from 30
2023/04/22 15:42:01 [notice] 1#1: worker process 20 exited with code 0
2023/04/22 15:42:01 [notice] 1#1: worker process 22 exited with code 0
2023/04/22 15:42:01 [notice] 1#1: worker process 26 exited with code 0
2023/04/22 15:42:01 [notice] 1#1: worker process 28 exited with code 0
2023/04/22 15:42:01 [notice] 1#1: worker process 29 exited with code 0
2023/04/22 15:42:01 [notice] 1#1: worker process 30 exited with code 0
2023/04/22 15:42:01 [notice] 1#1: worker process 33 exited with code 0
2023/04/22 15:42:01 [notice] 1#1: worker process 34 exited with code 0
2023/04/22 15:42:01 [notice] 1#1: signal 29 (SIGIO) received
2023/04/22 15:42:01 [notice] 1#1: signal 17 (SIGCHLD) received from 34
2023/04/22 15:42:01 [notice] 1#1: signal 17 (SIGCHLD) received from 21
2023/04/22 15:42:01 [notice] 1#1: worker process 21 exited with code 0
2023/04/22 15:42:01 [notice] 1#1: worker process 24 exited with code 0
2023/04/22 15:42:01 [notice] 1#1: worker process 31 exited with code 0
2023/04/22 15:42:01 [notice] 1#1: signal 29 (SIGIO) received
2023/04/22 15:42:01 [notice] 1#1: signal 17 (SIGCHLD) received from 25
2023/04/22 15:42:01 [notice] 1#1: worker process 25 exited with code 0
2023/04/22 15:42:01 [notice] 1#1: worker process 32 exited with code 0
2023/04/22 15:42:01 [notice] 1#1: worker process 35 exited with code 0
2023/04/22 15:42:01 [notice] 1#1: signal 29 (SIGIO) received
2023/04/22 15:42:01 [notice] 1#1: signal 17 (SIGCHLD) received from 32
2023/04/22 15:42:01 [notice] 1#1: signal 17 (SIGCHLD) received from 27
2023/04/22 15:42:01 [notice] 1#1: worker process 27 exited with code 0
2023/04/22 15:42:01 [notice] 1#1: signal 29 (SIGIO) received
2023/04/22 18:18:10 [notice] 1#1: using the "epoll" event method
2023/04/22 18:18:10 [notice] 1#1: nginx/1.23.4
2023/04/22 18:18:10 [notice] 1#1: built by gcc 12.2.1 20220924 (Alpine 12.2.1_git20220924-r4) 
2023/04/22 18:18:10 [notice] 1#1: OS: Linux 5.15.90.1-microsoft-standard-WSL2
2023/04/22 18:18:10 [notice] 1#1: getrlimit(RLIMIT_NOFILE): 1048576:1048576
2023/04/22 18:18:10 [notice] 1#1: start worker processes
2023/04/22 18:18:10 [notice] 1#1: start worker process 20
2023/04/22 18:18:10 [notice] 1#1: start worker process 21
2023/04/22 18:18:10 [notice] 1#1: start worker process 22
2023/04/22 18:18:10 [notice] 1#1: start worker process 23
2023/04/22 18:18:10 [notice] 1#1: start worker process 24
2023/04/22 18:18:10 [notice] 1#1: start worker process 25
2023/04/22 18:18:10 [notice] 1#1: start worker process 26
2023/04/22 18:18:10 [notice] 1#1: start worker process 27
2023/04/22 18:18:10 [notice] 1#1: start worker process 28
2023/04/22 18:18:10 [notice] 1#1: start worker process 29
2023/04/22 18:18:10 [notice] 1#1: start worker process 30
2023/04/22 18:18:10 [notice] 1#1: start worker process 31
2023/04/22 18:18:10 [notice] 1#1: start worker process 32
2023/04/22 18:18:10 [notice] 1#1: start worker process 33
2023/04/22 18:18:10 [notice] 1#1: start worker process 34
2023/04/22 18:18:10 [notice] 1#1: start worker process 35
2023/04/22 18:19:08 [notice] 1#1: signal 3 (SIGQUIT) received, shutting down
2023/04/22 18:19:08 [notice] 20#20: gracefully shutting down
2023/04/22 18:19:08 [notice] 20#20: exiting
2023/04/22 18:19:08 [notice] 21#21: gracefully shutting down
2023/04/22 18:19:08 [notice] 21#21: exiting
2023/04/22 18:19:08 [notice] 22#22: gracefully shutting down
2023/04/22 18:19:08 [notice] 20#20: exit
2023/04/22 18:19:08 [notice] 23#23: gracefully shutting down
2023/04/22 18:19:08 [notice] 23#23: exiting
2023/04/22 18:19:08 [notice] 24#24: gracefully shutting down
2023/04/22 18:19:08 [notice] 21#21: exit
2023/04/22 18:19:08 [notice] 24#24: exiting
2023/04/22 18:19:08 [notice] 25#25: gracefully shutting down
2023/04/22 18:19:08 [notice] 25#25: exiting
2023/04/22 18:19:08 [notice] 26#26: gracefully shutting down
2023/04/22 18:19:08 [notice] 23#23: exit
2023/04/22 18:19:08 [notice] 26#26: exiting
2023/04/22 18:19:08 [notice] 27#27: gracefully shutting down
2023/04/22 18:19:08 [notice] 24#24: exit
2023/04/22 18:19:08 [notice] 27#27: exiting
2023/04/22 18:19:08 [notice] 25#25: exit
2023/04/22 18:19:08 [notice] 29#29: gracefully shutting down
2023/04/22 18:19:08 [notice] 31#31: gracefully shutting down
2023/04/22 18:19:08 [notice] 29#29: exiting
2023/04/22 18:19:08 [notice] 30#30: gracefully shutting down
2023/04/22 18:19:08 [notice] 26#26: exit
2023/04/22 18:19:08 [notice] 30#30: exiting
2023/04/22 18:19:08 [notice] 27#27: exit
2023/04/22 18:19:08 [notice] 35#35: gracefully shutting down
2023/04/22 18:19:08 [notice] 34#34: gracefully shutting down
2023/04/22 18:19:08 [notice] 31#31: exiting
2023/04/22 18:19:08 [notice] 35#35: exiting
2023/04/22 18:19:08 [notice] 29#29: exit
2023/04/22 18:19:08 [notice] 30#30: exit
2023/04/22 18:19:08 [notice] 34#34: exiting
2023/04/22 18:19:08 [notice] 35#35: exit
2023/04/22 18:19:08 [notice] 32#32: gracefully shutting down
2023/04/22 18:19:08 [notice] 33#33: gracefully shutting down
2023/04/22 18:19:08 [notice] 31#31: exit
2023/04/22 18:19:08 [notice] 28#28: gracefully shutting down
2023/04/22 18:19:08 [notice] 34#34: exit
2023/04/22 18:19:08 [notice] 33#33: exiting
2023/04/22 18:19:08 [notice] 28#28: exiting
2023/04/22 18:19:08 [notice] 32#32: exiting
2023/04/22 18:19:08 [notice] 33#33: exit
2023/04/22 18:19:08 [notice] 28#28: exit
2023/04/22 18:19:08 [notice] 32#32: exit
2023/04/22 18:19:08 [notice] 1#1: signal 17 (SIGCHLD) received from 32
2023/04/22 18:19:08 [notice] 1#1: worker process 32 exited with code 0
2023/04/22 18:19:08 [notice] 1#1: signal 29 (SIGIO) received
2023/04/22 18:19:08 [notice] 1#1: signal 17 (SIGCHLD) received from 33
2023/04/22 18:19:08 [notice] 1#1: worker process 23 exited with code 0
2023/04/22 18:19:08 [notice] 1#1: worker process 25 exited with code 0
2023/04/22 18:19:08 [notice] 1#1: worker process 26 exited with code 0
2023/04/22 18:19:08 [notice] 1#1: worker process 27 exited with code 0
2023/04/22 18:19:08 [notice] 1#1: worker process 28 exited with code 0
2023/04/22 18:19:08 [notice] 1#1: worker process 30 exited with code 0
2023/04/22 18:19:08 [notice] 1#1: worker process 33 exited with code 0
2023/04/22 18:19:08 [notice] 1#1: signal 29 (SIGIO) received
2023/04/22 18:19:08 [notice] 1#1: signal 17 (SIGCHLD) received from 28
2023/04/22 18:19:08 [notice] 1#1: signal 17 (SIGCHLD) received from 29
2023/04/22 18:19:08 [notice] 1#1: worker process 20 exited with code 0
2023/04/22 18:19:08 [notice] 1#1: worker process 29 exited with code 0
2023/04/22 18:19:08 [notice] 1#1: worker process 31 exited with code 0
2023/04/22 18:19:08 [notice] 1#1: worker process 34 exited with code 0
2023/04/22 18:19:08 [notice] 1#1: signal 29 (SIGIO) received
2023/04/22 18:19:08 [notice] 1#1: signal 17 (SIGCHLD) received from 34
2023/04/22 18:19:08 [notice] 1#1: signal 17 (SIGCHLD) received from 21
2023/04/22 18:19:08 [notice] 1#1: worker process 21 exited with code 0
2023/04/22 18:19:08 [notice] 1#1: worker process 24 exited with code 0
2023/04/22 18:19:08 [notice] 1#1: signal 29 (SIGIO) received
2023/04/22 18:19:08 [notice] 1#1: signal 17 (SIGCHLD) received from 35
2023/04/22 18:19:08 [notice] 1#1: worker process 35 exited with code 0
2023/04/22 18:19:08 [notice] 1#1: signal 29 (SIGIO) received
2023/04/22 18:19:37 [notice] 1#1: using the "epoll" event method
2023/04/22 18:19:37 [notice] 1#1: nginx/1.23.4
2023/04/22 18:19:37 [notice] 1#1: built by gcc 12.2.1 20220924 (Alpine 12.2.1_git20220924-r4) 
2023/04/22 18:19:37 [notice] 1#1: OS: Linux 5.15.90.1-microsoft-standard-WSL2
2023/04/22 18:19:37 [notice] 1#1: getrlimit(RLIMIT_NOFILE): 1048576:1048576
2023/04/22 18:19:37 [notice] 1#1: start worker processes
2023/04/22 18:19:37 [notice] 1#1: start worker process 20
2023/04/22 18:19:37 [notice] 1#1: start worker process 21
2023/04/22 18:19:37 [notice] 1#1: start worker process 22
2023/04/22 18:19:37 [notice] 1#1: start worker process 23
2023/04/22 18:19:37 [notice] 1#1: start worker process 24
2023/04/22 18:19:37 [notice] 1#1: start worker process 25
2023/04/22 18:19:37 [notice] 1#1: start worker process 26
2023/04/22 18:19:37 [notice] 1#1: start worker process 27
2023/04/22 18:19:37 [notice] 1#1: start worker process 28
2023/04/22 18:19:37 [notice] 1#1: start worker process 29
2023/04/22 18:19:37 [notice] 1#1: start worker process 30
2023/04/22 18:19:37 [notice] 1#1: start worker process 31
2023/04/22 18:19:37 [notice] 1#1: start worker process 32
2023/04/22 18:19:37 [notice] 1#1: start worker process 33
2023/04/22 18:19:37 [notice] 1#1: start worker process 34
2023/04/22 18:19:37 [notice] 1#1: start worker process 35
2023/04/22 18:19:37 [error] 20#20: *1 connect() failed (111: Connection refused) while connecting to upstream, client: 172.29.0.1, server: localhost, request: "GET /rest/push?sessionId=exa5zl2cy8c HTTP/1.1", upstream: "http://172.29.0.5:5678/rest/push?sessionId=exa5zl2cy8c", host: "localhost:8081", referrer: "http://localhost:8081/workflow/new"
2023/04/22 18:33:35 [notice] 1#1: signal 3 (SIGQUIT) received, shutting down
2023/04/22 18:33:35 [notice] 21#21: gracefully shutting down
2023/04/22 18:33:35 [notice] 20#20: gracefully shutting down
2023/04/22 18:33:35 [notice] 22#22: gracefully shutting down
2023/04/22 18:33:35 [notice] 21#21: exiting
2023/04/22 18:33:35 [notice] 23#23: gracefully shutting down
2023/04/22 18:33:35 [notice] 22#22: exiting
2023/04/22 18:33:35 [notice] 24#24: gracefully shutting down
2023/04/22 18:33:35 [notice] 28#28: gracefully shutting down
2023/04/22 18:33:35 [notice] 23#23: exiting
2023/04/22 18:33:35 [notice] 24#24: exiting
2023/04/22 18:33:35 [notice] 26#26: gracefully shutting down
2023/04/22 18:33:35 [notice] 28#28: exiting
2023/04/22 18:33:35 [notice] 26#26: exiting
2023/04/22 18:33:35 [notice] 30#30: gracefully shutting down
2023/04/22 18:33:35 [notice] 22#22: exit
2023/04/22 18:33:35 [notice] 21#21: exit
2023/04/22 18:33:35 [notice] 32#32: gracefully shutting down
2023/04/22 18:33:35 [notice] 33#33: gracefully shutting down
2023/04/22 18:33:35 [notice] 30#30: exiting
2023/04/22 18:33:35 [notice] 32#32: exiting
2023/04/22 18:33:35 [notice] 31#31: gracefully shutting down
2023/04/22 18:33:35 [notice] 34#34: gracefully shutting down
2023/04/22 18:33:35 [notice] 33#33: exiting
2023/04/22 18:33:35 [notice] 29#29: gracefully shutting down
2023/04/22 18:33:35 [notice] 31#31: exiting
2023/04/22 18:33:35 [notice] 34#34: exiting
2023/04/22 18:33:35 [notice] 29#29: exiting
2023/04/22 18:33:35 [notice] 23#23: exit
2023/04/22 18:33:35 [notice] 26#26: exit
2023/04/22 18:33:35 [notice] 28#28: exit
2023/04/22 18:33:35 [notice] 24#24: exit
2023/04/22 18:33:35 [notice] 30#30: exit
2023/04/22 18:33:35 [notice] 32#32: exit
2023/04/22 18:33:35 [notice] 35#35: gracefully shutting down
2023/04/22 18:33:35 [notice] 31#31: exit
2023/04/22 18:33:35 [notice] 35#35: exiting
2023/04/22 18:33:35 [notice] 29#29: exit
2023/04/22 18:33:35 [notice] 33#33: exit
2023/04/22 18:33:35 [notice] 27#27: gracefully shutting down
2023/04/22 18:33:35 [notice] 34#34: exit
2023/04/22 18:33:35 [notice] 27#27: exiting
2023/04/22 18:33:35 [notice] 25#25: gracefully shutting down
2023/04/22 18:33:35 [notice] 35#35: exit
2023/04/22 18:33:35 [notice] 25#25: exiting
2023/04/22 18:33:35 [notice] 27#27: exit
2023/04/22 18:33:35 [notice] 25#25: exit
2023/04/22 18:33:35 [notice] 1#1: signal 17 (SIGCHLD) received from 26
2023/04/22 18:33:35 [notice] 1#1: worker process 21 exited with code 0
2023/04/22 18:33:35 [notice] 1#1: worker process 24 exited with code 0
2023/04/22 18:33:35 [notice] 1#1: worker process 26 exited with code 0
2023/04/22 18:33:35 [notice] 1#1: worker process 27 exited with code 0
2023/04/22 18:33:35 [notice] 1#1: worker process 28 exited with code 0
2023/04/22 18:33:35 [notice] 1#1: worker process 29 exited with code 0
2023/04/22 18:33:35 [notice] 1#1: worker process 31 exited with code 0
2023/04/22 18:33:35 [notice] 1#1: worker process 32 exited with code 0
2023/04/22 18:33:35 [notice] 1#1: worker process 34 exited with code 0
2023/04/22 18:33:35 [notice] 1#1: worker process 35 exited with code 0
2023/04/22 18:33:35 [notice] 1#1: signal 29 (SIGIO) received
2023/04/22 18:33:35 [notice] 1#1: signal 17 (SIGCHLD) received from 35
2023/04/22 18:33:35 [notice] 1#1: signal 17 (SIGCHLD) received from 30
2023/04/22 18:33:35 [notice] 1#1: worker process 30 exited with code 0
2023/04/22 18:33:35 [notice] 1#1: signal 29 (SIGIO) received
2023/04/22 18:33:35 [notice] 1#1: signal 17 (SIGCHLD) received from 22
2023/04/22 18:33:35 [notice] 1#1: worker process 22 exited with code 0
2023/04/22 18:33:35 [notice] 1#1: worker process 25 exited with code 0
2023/04/22 18:33:35 [notice] 1#1: signal 29 (SIGIO) received
2023/04/22 18:33:35 [notice] 1#1: signal 17 (SIGCHLD) received from 33
2023/04/22 18:33:35 [notice] 1#1: worker process 23 exited with code 0
2023/04/22 18:33:35 [notice] 1#1: worker process 33 exited with code 0
2023/04/22 18:33:35 [notice] 1#1: signal 29 (SIGIO) received
2023/04/22 18:33:35 [notice] 1#1: signal 17 (SIGCHLD) received from 23
2023/04/22 18:42:39 [notice] 1#1: using the "epoll" event method
2023/04/22 18:42:39 [notice] 1#1: nginx/1.23.4
2023/04/22 18:42:39 [notice] 1#1: built by gcc 12.2.1 20220924 (Alpine 12.2.1_git20220924-r4) 
2023/04/22 18:42:39 [notice] 1#1: OS: Linux 5.15.90.1-microsoft-standard-WSL2
2023/04/22 18:42:39 [notice] 1#1: getrlimit(RLIMIT_NOFILE): 1048576:1048576
2023/04/22 18:42:39 [notice] 1#1: start worker processes
2023/04/22 18:42:39 [notice] 1#1: start worker process 20
2023/04/22 18:42:39 [notice] 1#1: start worker process 21
2023/04/22 18:42:39 [notice] 1#1: start worker process 22
2023/04/22 18:42:39 [notice] 1#1: start worker process 23
2023/04/22 18:42:39 [notice] 1#1: start worker process 24
2023/04/22 18:42:39 [notice] 1#1: start worker process 25
2023/04/22 18:42:39 [notice] 1#1: start worker process 26
2023/04/22 18:42:39 [notice] 1#1: start worker process 27
2023/04/22 18:42:39 [notice] 1#1: start worker process 28
2023/04/22 18:42:39 [notice] 1#1: start worker process 29
2023/04/22 18:42:39 [notice] 1#1: start worker process 30
2023/04/22 18:42:39 [notice] 1#1: start worker process 31
2023/04/22 18:42:39 [notice] 1#1: start worker process 32
2023/04/22 18:42:39 [notice] 1#1: start worker process 33
2023/04/22 18:42:39 [notice] 1#1: start worker process 34
2023/04/22 18:42:39 [notice] 1#1: start worker process 35
2023/04/22 18:42:49 [error] 20#20: *1 connect() failed (111: Connection refused) while connecting to upstream, client: 192.168.0.1, server: localhost, request: "GET /rest/push?sessionId=zfkbg4cmp69 HTTP/1.1", upstream: "http://192.168.0.5:5678/rest/push?sessionId=zfkbg4cmp69", host: "localhost:8081", referrer: "http://localhost:8081/workflow/new"
2023/04/22 18:42:53 [error] 20#20: *1 connect() failed (111: Connection refused) while connecting to upstream, client: 192.168.0.1, server: localhost, request: "GET /rest/push?sessionId=zfkbg4cmp69 HTTP/1.1", upstream: "http://192.168.0.5:5678/rest/push?sessionId=zfkbg4cmp69", host: "localhost:8081", referrer: "http://localhost:8081/workflow/new"
2023/04/22 20:38:48 [notice] 1#1: signal 3 (SIGQUIT) received, shutting down
2023/04/22 20:38:48 [notice] 22#22: gracefully shutting down
2023/04/22 20:38:48 [notice] 28#28: gracefully shutting down
2023/04/22 20:38:48 [notice] 23#23: gracefully shutting down
2023/04/22 20:38:48 [notice] 27#27: gracefully shutting down
2023/04/22 20:38:48 [notice] 22#22: exiting
2023/04/22 20:38:48 [notice] 29#29: gracefully shutting down
2023/04/22 20:38:48 [notice] 30#30: gracefully shutting down
2023/04/22 20:38:48 [notice] 31#31: gracefully shutting down
2023/04/22 20:38:48 [notice] 21#21: gracefully shutting down
2023/04/22 20:38:48 [notice] 29#29: exiting
2023/04/22 20:38:48 [notice] 30#30: exiting
2023/04/22 20:38:48 [notice] 32#32: gracefully shutting down
2023/04/22 20:38:48 [notice] 28#28: exiting
2023/04/22 20:38:48 [notice] 23#23: exiting
2023/04/22 20:38:48 [notice] 25#25: gracefully shutting down
2023/04/22 20:38:48 [notice] 33#33: gracefully shutting down
2023/04/22 20:38:48 [notice] 34#34: gracefully shutting down
2023/04/22 20:38:48 [notice] 26#26: gracefully shutting down
2023/04/22 20:38:48 [notice] 25#25: exiting
2023/04/22 20:38:48 [notice] 31#31: exiting
2023/04/22 20:38:48 [notice] 21#21: exiting
2023/04/22 20:38:48 [notice] 32#32: exiting
2023/04/22 20:38:48 [notice] 33#33: exiting
2023/04/22 20:38:48 [notice] 34#34: exiting
2023/04/22 20:38:48 [notice] 26#26: exiting
2023/04/22 20:38:48 [notice] 22#22: exit
2023/04/22 20:38:48 [notice] 28#28: exit
2023/04/22 20:38:48 [notice] 29#29: exit
2023/04/22 20:38:48 [notice] 30#30: exit
2023/04/22 20:38:48 [notice] 23#23: exit
2023/04/22 20:38:48 [notice] 32#32: exit
2023/04/22 20:38:48 [notice] 34#34: exit
2023/04/22 20:38:48 [notice] 25#25: exit
2023/04/22 20:38:48 [notice] 26#26: exit
2023/04/22 20:38:48 [notice] 31#31: exit
2023/04/22 20:38:48 [notice] 21#21: exit
2023/04/22 20:38:48 [notice] 33#33: exit
2023/04/22 20:38:48 [notice] 35#35: gracefully shutting down
2023/04/22 20:38:48 [notice] 35#35: exiting
2023/04/22 20:38:48 [notice] 24#24: gracefully shutting down
2023/04/22 20:38:48 [notice] 20#20: gracefully shutting down
2023/04/22 20:38:48 [notice] 24#24: exiting
2023/04/22 20:38:48 [notice] 20#20: exiting
2023/04/22 20:38:48 [notice] 35#35: exit
2023/04/22 20:38:48 [notice] 24#24: exit
2023/04/22 20:38:48 [notice] 20#20: exit
2023/04/22 20:38:48 [notice] 1#1: signal 17 (SIGCHLD) received from 22
2023/04/22 20:38:48 [notice] 1#1: worker process 22 exited with code 0
2023/04/22 20:38:48 [notice] 1#1: signal 29 (SIGIO) received
2023/04/22 20:38:48 [notice] 1#1: signal 17 (SIGCHLD) received from 21
2023/04/22 20:38:48 [notice] 1#1: worker process 21 exited with code 0
2023/04/22 20:38:48 [notice] 1#1: signal 29 (SIGIO) received
2023/04/22 20:38:48 [notice] 1#1: signal 17 (SIGCHLD) received from 35
2023/04/22 20:38:48 [notice] 1#1: worker process 35 exited with code 0
2023/04/22 20:38:48 [notice] 1#1: signal 29 (SIGIO) received
2023/04/22 20:38:48 [notice] 1#1: signal 17 (SIGCHLD) received from 20
2023/04/22 20:38:48 [notice] 1#1: worker process 20 exited with code 0
2023/04/22 20:38:48 [notice] 1#1: worker process 23 exited with code 0
2023/04/22 20:38:48 [notice] 1#1: worker process 24 exited with code 0
2023/04/22 20:38:48 [notice] 1#1: worker process 28 exited with code 0
2023/04/22 20:38:48 [notice] 1#1: worker process 29 exited with code 0
2023/04/22 20:38:48 [notice] 1#1: worker process 30 exited with code 0
2023/04/22 20:38:48 [notice] 1#1: worker process 31 exited with code 0
2023/04/22 20:38:48 [notice] 1#1: worker process 32 exited with code 0
2023/04/22 20:38:48 [notice] 1#1: worker process 33 exited with code 0
2023/04/22 20:38:48 [notice] 1#1: worker process 34 exited with code 0
2023/04/22 20:38:48 [notice] 1#1: signal 17 (SIGCHLD) received from 32
2023/04/22 20:38:48 [notice] 1#1: signal 29 (SIGIO) received
2023/04/22 20:38:48 [notice] 1#1: signal 17 (SIGCHLD) received from 26
2023/04/22 20:38:48 [notice] 1#1: worker process 25 exited with code 0
2023/04/22 20:38:48 [notice] 1#1: worker process 26 exited with code 0
2023/04/22 20:38:48 [notice] 1#1: signal 29 (SIGIO) received
2023/04/22 20:38:48 [notice] 1#1: signal 17 (SIGCHLD) received from 25
2023/04/22 20:41:21 [notice] 1#1: using the "epoll" event method
2023/04/22 20:41:21 [notice] 1#1: nginx/1.23.4
2023/04/22 20:41:21 [notice] 1#1: built by gcc 12.2.1 20220924 (Alpine 12.2.1_git20220924-r4) 
2023/04/22 20:41:21 [notice] 1#1: OS: Linux 5.15.90.1-microsoft-standard-WSL2
2023/04/22 20:41:21 [notice] 1#1: getrlimit(RLIMIT_NOFILE): 1048576:1048576
2023/04/22 20:41:21 [notice] 1#1: start worker processes
2023/04/22 20:41:21 [notice] 1#1: start worker process 20
2023/04/22 20:41:21 [notice] 1#1: start worker process 21
2023/04/22 20:41:21 [notice] 1#1: start worker process 22
2023/04/22 20:41:21 [notice] 1#1: start worker process 23
2023/04/22 20:41:21 [notice] 1#1: start worker process 24
2023/04/22 20:41:21 [notice] 1#1: start worker process 25
2023/04/22 20:41:21 [notice] 1#1: start worker process 26
2023/04/22 20:41:21 [notice] 1#1: start worker process 27
2023/04/22 20:41:21 [notice] 1#1: start worker process 28
2023/04/22 20:41:21 [notice] 1#1: start worker process 29
2023/04/22 20:41:21 [notice] 1#1: start worker process 30
2023/04/22 20:41:21 [notice] 1#1: start worker process 31
2023/04/22 20:41:21 [notice] 1#1: start worker process 32
2023/04/22 20:41:21 [notice] 1#1: start worker process 33
2023/04/22 20:41:21 [notice] 1#1: start worker process 34
2023/04/22 20:41:21 [notice] 1#1: start worker process 35
